01-06-2021 11:01:27,info,mongo_db connection succesfully
01-06-2021 11:01:27,info,data fetched succesfully from the postman api
01-06-2021 11:01:27,info,database made succesfully of abcd
01-06-2021 11:01:27,info,documentry  made succesfully of sudhanshu
01-06-2021 11:01:27,info,connection  close succesfully in try block
01-06-2021 11:02:30,info,mongo_db connection succesfully
01-06-2021 11:02:30,info,data fetched succesfully from the postman api
01-06-2021 11:02:30,info,database made succesfully of abcd
01-06-2021 11:02:31,info,documentry  made succesfully of sudhanshu
01-06-2021 11:02:31,info,connection  close succesfully in try block
01-06-2021 11:05:30,info,mongo_db connection succesfully
01-06-2021 11:05:30,info,data fetched succesfully from the postman api
01-06-2021 11:05:30,info,database made succesfully of abcd
01-06-2021 11:05:30,info,documentry  made succesfully of sudhanshu
01-06-2021 11:05:30,info,connection  close succesfully in try block
01-06-2021 11:30:58,info,mongo_db connection succesfully
01-06-2021 11:30:58,info,data fetched succesfully from the postman api
01-06-2021 11:30:58,info,database made succesfully of abcd
01-06-2021 11:30:58,info,documentry  made succesfully of sudhanshu
01-06-2021 11:30:58,info,connection  close succesfully in try block
